[2025-05-29T08:27:22.890Z] INFO: POST /employees 404 - 7ms
[2025-05-29T08:30:09.799Z] INFO: POST /employees/ 404 - 1ms
[2025-05-29T08:31:13.746Z] INFO: POST /api/employees/ 500 - 139ms
[2025-05-29T08:38:15.919Z] INFO: POST /api/employees/ 201 - 66ms
[2025-05-29T08:42:12.209Z] INFO: POST /api/employees/ 201 - 31ms
[2025-05-29T08:43:08.722Z] INFO: GET /api/employees/ 200 - 7ms
[2025-05-29T08:44:29.839Z] INFO: GET /api/employees/ 200 - 66ms
[2025-05-29T08:51:43.295Z] INFO: GET /api/employees/ 200 - 64ms
[2025-05-29T08:58:37.827Z] INFO: GET /api/employees/1 200 - 79ms
[2025-05-29T08:58:48.691Z] INFO: GET /api/employees/1 200 - 5ms
[2025-05-29T08:59:04.873Z] INFO: GET /api/employees/:1 200 - 7ms
[2025-05-29T08:59:12.554Z] INFO: GET /api/employees/1 200 - 3ms
[2025-05-29T08:59:18.577Z] INFO: GET /api/employee/1 404 - 4ms
[2025-05-29T09:00:48.923Z] INFO: GET /api/employees/1 200 - 4ms
[2025-05-29T09:08:30.250Z] INFO: GET /api/employees/1 200 - 70ms
[2025-05-29T09:08:37.263Z] INFO: GET /api/employees/2 200 - 4ms
[2025-05-29T09:37:11.491Z] INFO: POST /api/employees/ 201 - 107ms
[2025-05-29T09:39:05.479Z] INFO: POST /api/employees/ 201 - 33ms
[2025-05-29T09:39:14.208Z] INFO: GET /api/employees/ 200 - 11ms
[2025-05-29T09:39:21.007Z] INFO: GET /api/employees/1 200 - 10ms
[2025-05-29T09:39:28.021Z] INFO: GET /api/employees/2 200 - 5ms
[2025-06-01T18:09:11.234Z] INFO: POST /api/register 404 - 13ms
[2025-06-01T18:09:26.873Z] INFO: POST /api/register 404 - 1ms
[2025-06-01T18:09:42.221Z] INFO: POST /api/register 404 - 2ms
[2025-06-01T18:11:55.388Z] INFO: POST /api/register 404 - 1ms
[2025-06-01T18:12:11.329Z] INFO: POST /api/register 404 - 3ms
[2025-06-01T18:16:36.066Z] INFO: POST /api/auth/register 404 - 11ms
[2025-06-01T18:17:11.742Z] INFO: POST /api/auth/register 404 - 2ms
[2025-06-08T16:12:12.114Z] INFO: POST /api/auth/register 500 - 225ms
[2025-06-08T16:16:55.451Z] INFO: POST /api/auth/register 400 - 10ms
[2025-06-08T16:20:38.466Z] INFO: POST /api/auth/register 400 - 16ms
[2025-06-08T16:20:52.483Z] INFO: POST /api/auth/register 400 - 2ms
[2025-06-08T16:21:08.155Z] INFO: POST /api/auth/register 400 - 17ms
[2025-06-08T16:23:35.138Z] INFO: POST /api/auth/register 400 - 14ms
[2025-06-08T16:23:41.897Z] INFO: POST /api/auth/register 400 - 3ms
[2025-06-08T16:30:30.339Z] INFO: POST /api/auth/register 400 - 17ms
[2025-06-08T16:31:08.562Z] INFO: POST /api/auth/register 400 - 3ms
[2025-06-08T16:33:02.325Z] INFO: POST /api/auth/register 400 - 25ms
[2025-06-08T16:33:25.081Z] INFO: POST /api/auth/register 400 - 3ms
[2025-06-08T16:41:00.585Z] INFO: POST /api/auth/register 400 - 32ms
[2025-06-08T16:46:40.210Z] INFO: POST /api/auth/register 500 - 230ms
[2025-06-08T17:22:50.381Z] INFO: POST /api/auth/register 500 - 81ms
[2025-06-08T17:25:56.555Z] INFO: POST /api/auth/register 400 - 30ms
[2025-06-08T17:27:26.482Z] INFO: POST /api/auth/register 201 - 351ms
[2025-06-08T17:32:20.642Z] INFO: GET /api/ 404 - 4ms
[2025-06-08T17:32:47.360Z] INFO: GET /api/employees 200 - 137ms
[2025-06-08T17:38:31.833Z] INFO: GET /api/employees 200 - 196ms
[2025-06-08T17:40:35.912Z] INFO: GET /api/employees 304 - 56ms
[2025-06-08T17:43:39.391Z] INFO: GET /api/employees 304 - 88ms
[2025-06-08T17:43:45.904Z] INFO: GET /api/employees 304 - 3ms
[2025-06-08T17:44:14.296Z] INFO: GET /api/employees 304 - 3ms
[2025-06-08T17:44:39.135Z] INFO: GET /api/employees 304 - 5ms
[2025-06-08T17:44:45.363Z] INFO: GET /api/employees 304 - 11ms
[2025-06-08T17:45:45.152Z] INFO: GET /api/employees 304 - 6ms
[2025-06-08T17:46:05.968Z] INFO: GET /api/employees 304 - 5ms
[2025-06-08T17:46:44.178Z] INFO: GET /api/employees 304 - 5ms
[2025-06-08T17:51:35.051Z] INFO: GET /api/employees 304 - 167ms
[2025-06-08T17:52:12.477Z] INFO: GET /api/employees 304 - 4ms
[2025-06-08T17:52:17.844Z] INFO: GET /api/employees 304 - 10ms
[2025-06-08T17:52:47.138Z] INFO: GET /api/employees 304 - 4ms
[2025-06-08T18:30:44.200Z] INFO: GET /api/employees 304 - 194ms
[2025-06-08T18:31:35.660Z] INFO: GET /api/employees 304 - 10ms
[2025-06-08T18:43:45.117Z] INFO: GET /api/employees 304 - 302ms
